<?xml version="1.0" encoding="UTF-8"?>
<testng-results skipped="0" failed="1" ignored="0" total="1" passed="0">
  <reporter-output>
  </reporter-output>
  <suite name="Default suite" duration-ms="6049" started-at="2021-10-23T21:56:19 IST" finished-at="2021-10-23T21:56:25 IST">
    <groups>
    </groups>
    <test name="Default test" duration-ms="6049" started-at="2021-10-23T21:56:19 IST" finished-at="2021-10-23T21:56:25 IST">
      <class name="Default.ExtentReportsDemo">
        <test-method status="PASS" signature="startest()[pri:0, instance:Default.ExtentReportsDemo@396e2f39]" name="startest" is-config="true" duration-ms="126" started-at="2021-10-23T21:56:19 IST" finished-at="2021-10-23T21:56:19 IST">
          <reporter-output>
          </reporter-output>
        </test-method> <!-- startest -->
        <test-method status="PASS" signature="setup()[pri:0, instance:Default.ExtentReportsDemo@396e2f39]" name="setup" is-config="true" duration-ms="5047" started-at="2021-10-23T21:56:19 IST" finished-at="2021-10-23T21:56:24 IST">
          <reporter-output>
          </reporter-output>
        </test-method> <!-- setup -->
        <test-method status="FAIL" signature="googletest()[pri:0, instance:Default.ExtentReportsDemo@396e2f39]" name="googletest" duration-ms="28" started-at="2021-10-23T21:56:24 IST" finished-at="2021-10-23T21:56:24 IST">
          <exception class="java.lang.AssertionError">
            <message>
              <![CDATA[expected [Gooogle] but found [Google]]]>
            </message>
            <full-stacktrace>
              <![CDATA[java.lang.AssertionError: expected [Gooogle] but found [Google]
at org.testng.Assert.fail(Assert.java:99)
at org.testng.Assert.failNotEquals(Assert.java:1037)
at org.testng.Assert.assertEqualsImpl(Assert.java:140)
at org.testng.Assert.assertEquals(Assert.java:122)
at org.testng.Assert.assertEquals(Assert.java:629)
at org.testng.Assert.assertEquals(Assert.java:639)
at Default.ExtentReportsDemo.googletest(ExtentReportsDemo.java:59)
at sun.reflect.NativeMethodAccessorImpl.invoke0(Native Method)
at sun.reflect.NativeMethodAccessorImpl.invoke(NativeMethodAccessorImpl.java:62)
at sun.reflect.DelegatingMethodAccessorImpl.invoke(DelegatingMethodAccessorImpl.java:43)
at java.lang.reflect.Method.invoke(Method.java:498)
at org.testng.internal.MethodInvocationHelper.invokeMethod(MethodInvocationHelper.java:133)
at org.testng.internal.TestInvoker.invokeMethod(TestInvoker.java:598)
at org.testng.internal.TestInvoker.invokeTestMethod(TestInvoker.java:173)
at org.testng.internal.MethodRunner.runInSequence(MethodRunner.java:46)
at org.testng.internal.TestInvoker$MethodInvocationAgent.invoke(TestInvoker.java:824)
at org.testng.internal.TestInvoker.invokeTestMethods(TestInvoker.java:146)
at org.testng.internal.TestMethodWorker.invokeTestMethods(TestMethodWorker.java:146)
at org.testng.internal.TestMethodWorker.run(TestMethodWorker.java:128)
at java.util.ArrayList.forEach(ArrayList.java:1259)
at org.testng.TestRunner.privateRun(TestRunner.java:794)
at org.testng.TestRunner.run(TestRunner.java:596)
at org.testng.SuiteRunner.runTest(SuiteRunner.java:377)
at org.testng.SuiteRunner.runSequentially(SuiteRunner.java:371)
at org.testng.SuiteRunner.privateRun(SuiteRunner.java:332)
at org.testng.SuiteRunner.run(SuiteRunner.java:276)
at org.testng.SuiteRunnerWorker.runSuite(SuiteRunnerWorker.java:53)
at org.testng.SuiteRunnerWorker.run(SuiteRunnerWorker.java:96)
at org.testng.TestNG.runSuitesSequentially(TestNG.java:1212)
at org.testng.TestNG.runSuitesLocally(TestNG.java:1134)
at org.testng.TestNG.runSuites(TestNG.java:1063)
at org.testng.TestNG.run(TestNG.java:1031)
at org.testng.remote.AbstractRemoteTestNG.run(AbstractRemoteTestNG.java:115)
at org.testng.remote.RemoteTestNG.initAndRun(RemoteTestNG.java:251)
at org.testng.remote.RemoteTestNG.main(RemoteTestNG.java:77)
]]>
            </full-stacktrace>
          </exception> <!-- java.lang.AssertionError -->
          <reporter-output>
          </reporter-output>
        </test-method> <!-- googletest -->
        <test-method status="PASS" signature="TearDown(org.testng.ITestResult)[pri:0, instance:Default.ExtentReportsDemo@396e2f39]" name="TearDown" is-config="true" duration-ms="257" started-at="2021-10-23T21:56:24 IST" finished-at="2021-10-23T21:56:24 IST">
          <params>
            <param index="0">
              <value>
                <![CDATA[[TestResult name=googletest status=FAILURE method=ExtentReportsDemo.googletest()[pri:0, instance:Default.ExtentReportsDemo@396e2f39] output={null}]]]>
              </value>
            </param>
          </params>
          <reporter-output>
          </reporter-output>
        </test-method> <!-- TearDown -->
        <test-method status="PASS" signature="endTest()[pri:0, instance:Default.ExtentReportsDemo@396e2f39]" name="endTest" is-config="true" duration-ms="541" started-at="2021-10-23T21:56:24 IST" finished-at="2021-10-23T21:56:25 IST">
          <reporter-output>
          </reporter-output>
        </test-method> <!-- endTest -->
      </class> <!-- Default.ExtentReportsDemo -->
    </test> <!-- Default test -->
  </suite> <!-- Default suite -->
</testng-results>
